2021-04-06 14:16:56,872 - root - INFO - ==========开始 XX项目 执行测试===========
2021-04-06 14:16:59,768 - root - INFO - ==========开始执行测试用例集===========
2021-04-06 14:16:59,769 - root - INFO - ----------------------------------------------------------------------------------<selenium.webdriver.chrome.webdriver.WebDriver (session="c5d493d579834db6a7b9fe3e49de31aa")>
2021-04-06 14:17:04,743 - root - INFO -  执行 test_login_success 测试用例 
2021-04-06 14:17:04,744 - root - INFO -  正常登录测试用例 
2021-04-06 14:17:04,745 - root - INFO - 登录页面_登录功能,页面元素:('xpath', "//*[@id='app']/div[2]/div/div[1]/div[2]/div[2]/input") 输入值 13977726454
2021-04-06 14:17:05,140 - root - INFO - 登录页面_登录功能,等待页面元素:('xpath', "//*[@id='app']/div[2]/div/div[1]/div[2]/div[2]/input"):可见，共耗时0s 
2021-04-06 14:17:05,141 - root - INFO - 登录页面_登录功能,查找页面元素:('xpath', "//*[@id='app']/div[2]/div/div[1]/div[2]/div[2]/input")
2021-04-06 14:17:05,189 - root - INFO - 登录页面_登录功能,等待页面元素:('xpath', "//*[@id='app']/div[2]/div/div[1]/div[2]/div[2]/input"):可见，共耗时0s 
2021-04-06 14:17:05,533 - root - INFO - 登录页面_登录功能,页面元素:('xpath', "//*[@id='app']/div[2]/div/div[1]/div[3]/div/input") 输入值 123456
2021-04-06 14:17:05,560 - root - INFO - 登录页面_登录功能,等待页面元素:('xpath', "//*[@id='app']/div[2]/div/div[1]/div[3]/div/input"):可见，共耗时0s 
2021-04-06 14:17:05,560 - root - INFO - 登录页面_登录功能,查找页面元素:('xpath', "//*[@id='app']/div[2]/div/div[1]/div[3]/div/input")
2021-04-06 14:17:05,580 - root - INFO - 登录页面_登录功能,等待页面元素:('xpath', "//*[@id='app']/div[2]/div/div[1]/div[3]/div/input"):可见，共耗时0s 
2021-04-06 14:17:05,667 - root - INFO - 登录页面_登录功能,点击页面元素:('xpath', '//*[@id="app"]/div[2]/div/div[1]/div[5]/button')
2021-04-06 14:17:05,668 - root - INFO - 登录页面_登录功能,查找页面元素:('xpath', '//*[@id="app"]/div[2]/div/div[1]/div[5]/button')
2021-04-06 14:17:05,694 - root - INFO - 登录页面_登录功能,等待页面元素:('xpath', '//*[@id="app"]/div[2]/div/div[1]/div[5]/button'):可见，共耗时0s 
2021-04-06 14:17:05,758 - root - INFO - 期望值：True
2021-04-06 14:17:26,118 - root - INFO - 实际值：False
2021-04-06 14:17:46,279 - root - ERROR -  结束执行 test_login_success 测试用例， 测试结果 --- False 
2021-04-06 14:17:47,112 - root - INFO - 登录功能-正常测试-异常截图截图成功，图片路径为: 登录功能-正常测试-异常截图
2021-04-06 14:17:50,860 - root - INFO -  执行 test_login_usernameFormat_error 测试用例 
2021-04-06 14:17:50,861 - root - INFO -  异常测试用例：登录功能-异常测试-用户名为空 
2021-04-06 14:17:50,862 - root - INFO - 登录页面_登录功能,页面元素:('xpath', "//*[@id='app']/div[2]/div/div[1]/div[2]/div[2]/input") 输入值 
2021-04-06 14:18:11,257 - root - INFO - 登录页面_登录功能,等待页面元素:('xpath', "//*[@id='app']/div[2]/div/div[1]/div[2]/div[2]/input") 失败！！！
2021-04-06 14:18:12,063 - root - INFO - 登录页面_登录功能截图成功，图片路径为: 登录页面_登录功能
2021-04-06 14:18:12,064 - root - INFO - 登录页面_登录功能,查找页面元素:('xpath', "//*[@id='app']/div[2]/div/div[1]/div[2]/div[2]/input")
2021-04-06 14:18:32,571 - root - INFO - 登录页面_登录功能,等待页面元素:('xpath', "//*[@id='app']/div[2]/div/div[1]/div[2]/div[2]/input") 失败！！！
2021-04-06 14:18:33,381 - root - INFO - 登录页面_登录功能截图成功，图片路径为: 登录页面_登录功能
2021-04-06 14:18:33,390 - root - INFO - 登录页面_登录功能,查找页面元素:('xpath', "//*[@id='app']/div[2]/div/div[1]/div[2]/div[2]/input") 失败！！！
2021-04-06 14:18:33,391 - root - INFO - 登录页面_登录功能,页面元素输入失败！！！
2021-04-06 14:18:37,100 - root - INFO -  执行 test_login_usernameFormat_error 测试用例 
2021-04-06 14:18:37,101 - root - INFO -  异常测试用例：登录功能-异常测试-用户名不存在 
2021-04-06 14:18:37,101 - root - INFO - 登录页面_登录功能,页面元素:('xpath', "//*[@id='app']/div[2]/div/div[1]/div[2]/div[2]/input") 输入值 xxoo
2021-04-06 14:18:57,459 - root - INFO - 登录页面_登录功能,等待页面元素:('xpath', "//*[@id='app']/div[2]/div/div[1]/div[2]/div[2]/input") 失败！！！
2021-04-06 14:18:58,396 - root - INFO - 登录页面_登录功能截图成功，图片路径为: 登录页面_登录功能
2021-04-06 14:18:58,397 - root - INFO - 登录页面_登录功能,查找页面元素:('xpath', "//*[@id='app']/div[2]/div/div[1]/div[2]/div[2]/input")
2021-04-06 14:19:18,767 - root - INFO - 登录页面_登录功能,等待页面元素:('xpath', "//*[@id='app']/div[2]/div/div[1]/div[2]/div[2]/input") 失败！！！
2021-04-06 14:19:19,532 - root - INFO - 登录页面_登录功能截图成功，图片路径为: 登录页面_登录功能
2021-04-06 14:19:19,554 - root - INFO - 登录页面_登录功能,查找页面元素:('xpath', "//*[@id='app']/div[2]/div/div[1]/div[2]/div[2]/input") 失败！！！
2021-04-06 14:19:19,555 - root - INFO - 登录页面_登录功能,页面元素输入失败！！！
2021-04-06 14:19:23,041 - root - INFO -  执行 test_login_passwordFormat_error 测试用例 
2021-04-06 14:19:23,042 - root - INFO -  异常测试用例：登录功能-异常测试-密码为空 
2021-04-06 14:19:23,043 - root - INFO - 登录页面_登录功能,页面元素:('xpath', "//*[@id='app']/div[2]/div/div[1]/div[2]/div[2]/input") 输入值 admin
2021-04-06 14:19:43,382 - root - INFO - 登录页面_登录功能,等待页面元素:('xpath', "//*[@id='app']/div[2]/div/div[1]/div[2]/div[2]/input") 失败！！！
2021-04-06 14:19:44,251 - root - INFO - 登录页面_登录功能截图成功，图片路径为: 登录页面_登录功能
2021-04-06 14:19:44,252 - root - INFO - 登录页面_登录功能,查找页面元素:('xpath', "//*[@id='app']/div[2]/div/div[1]/div[2]/div[2]/input")
2021-04-06 14:20:04,573 - root - INFO - 登录页面_登录功能,等待页面元素:('xpath', "//*[@id='app']/div[2]/div/div[1]/div[2]/div[2]/input") 失败！！！
2021-04-06 14:20:05,398 - root - INFO - 登录页面_登录功能截图成功，图片路径为: 登录页面_登录功能
2021-04-06 14:20:05,408 - root - INFO - 登录页面_登录功能,查找页面元素:('xpath', "//*[@id='app']/div[2]/div/div[1]/div[2]/div[2]/input") 失败！！！
2021-04-06 14:20:05,409 - root - INFO - 登录页面_登录功能,页面元素输入失败！！！
2021-04-06 14:20:09,047 - root - INFO -  执行 test_login_passwordFormat_error 测试用例 
2021-04-06 14:20:09,048 - root - INFO -  异常测试用例：登录功能-异常测试-密码错误 
2021-04-06 14:20:09,049 - root - INFO - 登录页面_登录功能,页面元素:('xpath', "//*[@id='app']/div[2]/div/div[1]/div[2]/div[2]/input") 输入值 admin
2021-04-06 14:20:29,463 - root - INFO - 登录页面_登录功能,等待页面元素:('xpath', "//*[@id='app']/div[2]/div/div[1]/div[2]/div[2]/input") 失败！！！
2021-04-06 14:20:30,286 - root - INFO - 登录页面_登录功能截图成功，图片路径为: 登录页面_登录功能
2021-04-06 14:20:30,286 - root - INFO - 登录页面_登录功能,查找页面元素:('xpath', "//*[@id='app']/div[2]/div/div[1]/div[2]/div[2]/input")
2021-04-06 14:20:50,680 - root - INFO - 登录页面_登录功能,等待页面元素:('xpath', "//*[@id='app']/div[2]/div/div[1]/div[2]/div[2]/input") 失败！！！
2021-04-06 14:20:51,593 - root - INFO - 登录页面_登录功能截图成功，图片路径为: 登录页面_登录功能
2021-04-06 14:20:51,608 - root - INFO - 登录页面_登录功能,查找页面元素:('xpath', "//*[@id='app']/div[2]/div/div[1]/div[2]/div[2]/input") 失败！！！
2021-04-06 14:20:51,610 - root - INFO - 登录页面_登录功能,页面元素输入失败！！！
2021-04-06 14:20:56,006 - root - INFO - ==========结束执行测试用例集===========
2021-04-06 14:20:58,301 - root - INFO - ==========结束 XX项目 测试===========
