2021-04-02 14:06:28,156 - root - INFO - ==========开始 XX项目 执行测试===========
2021-04-02 14:06:30,361 - root - INFO - ==========开始执行测试用例集===========
2021-04-02 14:06:30,361 - root - INFO - ----------------------------------------------------------------------------------<selenium.webdriver.chrome.webdriver.WebDriver (session="3504dc518b68fd48dd479250a05cbe2d")>
2021-04-02 14:06:42,223 - root - INFO - ==========结束 XX项目 测试===========
2021-04-02 14:33:27,472 - root - INFO - ==========开始 XX项目 执行测试===========
2021-04-02 14:33:29,553 - root - INFO - ==========开始执行测试用例集===========
2021-04-02 14:33:29,676 - root - INFO - ----------------------------------------------------------------------------------<selenium.webdriver.chrome.webdriver.WebDriver (session="5a3568392e53c84dac140403f03dbf90")>
2021-04-02 14:33:33,149 - root - INFO -  执行 test_login_success 测试用例 
2021-04-02 14:33:33,150 - root - INFO -  正常登录测试用例 
2021-04-02 14:33:33,151 - root - INFO - 登录页面_登录功能,页面元素:('xpath', "//*[@id='app']/div[2]/div/div[1]/div[2]/div[2]/input") 输入值 admin
2021-04-02 14:33:33,221 - root - INFO - 登录页面_登录功能,等待页面元素:('xpath', "//*[@id='app']/div[2]/div/div[1]/div[2]/div[2]/input"):可见，共耗时0s 
2021-04-02 14:33:33,222 - root - INFO - 登录页面_登录功能,查找页面元素:('xpath', "//*[@id='app']/div[2]/div/div[1]/div[2]/div[2]/input")
2021-04-02 14:33:33,278 - root - INFO - 登录页面_登录功能,等待页面元素:('xpath', "//*[@id='app']/div[2]/div/div[1]/div[2]/div[2]/input"):可见，共耗时0s 
2021-04-02 14:33:33,447 - root - INFO - 登录页面_登录功能,页面元素:('xpath', "//*[@id='app']/div[2]/div/div[1]/div[3]/div/input") 输入值 123456
2021-04-02 14:33:33,517 - root - INFO - 登录页面_登录功能,等待页面元素:('xpath', "//*[@id='app']/div[2]/div/div[1]/div[3]/div/input"):可见，共耗时0s 
2021-04-02 14:33:33,519 - root - INFO - 登录页面_登录功能,查找页面元素:('xpath', "//*[@id='app']/div[2]/div/div[1]/div[3]/div/input")
2021-04-02 14:33:33,583 - root - INFO - 登录页面_登录功能,等待页面元素:('xpath', "//*[@id='app']/div[2]/div/div[1]/div[3]/div/input"):可见，共耗时0s 
2021-04-02 14:33:33,773 - root - INFO - 登录页面_登录功能,点击页面元素:('xpath', '//*[@id="app"]/div[2]/div/div[1]/div[5]/button')
2021-04-02 14:33:33,775 - root - INFO - 登录页面_登录功能,查找页面元素:('xpath', '//*[@id="app"]/div[2]/div/div[1]/div[5]/button')
2021-04-02 14:33:33,809 - root - INFO - 登录页面_登录功能,等待页面元素:('xpath', '//*[@id="app"]/div[2]/div/div[1]/div[5]/button'):可见，共耗时0s 
2021-04-02 14:33:33,880 - root - INFO - 期望值：True
2021-04-02 14:33:54,094 - root - INFO - 实际值：False
2021-04-02 14:34:14,533 - root - ERROR -  结束执行 test_login_success 测试用例， 测试结果 --- False 
2021-04-02 14:34:14,999 - root - INFO - 登录功能-正常测试-异常截图截图成功，图片路径为: 登录功能-正常测试-异常截图
2021-04-02 14:34:19,170 - root - INFO - ==========结束执行测试用例集===========
2021-04-02 14:34:21,395 - root - INFO - ==========结束 XX项目 测试===========
2021-04-02 14:37:35,149 - root - INFO - ==========开始 XX项目 执行测试===========
2021-04-02 14:37:36,942 - root - INFO - ==========开始执行测试用例集===========
2021-04-02 14:37:36,943 - root - INFO - ----------------------------------------------------------------------------------<selenium.webdriver.chrome.webdriver.WebDriver (session="3de516c69706b10ae4538f05620d937e")>
2021-04-02 14:37:41,637 - root - INFO -  执行 test_login_success 测试用例 
2021-04-02 14:37:41,637 - root - INFO -  正常登录测试用例 
2021-04-02 14:37:41,638 - root - INFO - 登录页面_登录功能,页面元素:('xpath', "//*[@id='app']/div[2]/div/div[1]/div[2]/div[2]/input") 输入值 13977726454
2021-04-02 14:37:41,678 - root - INFO - 登录页面_登录功能,等待页面元素:('xpath', "//*[@id='app']/div[2]/div/div[1]/div[2]/div[2]/input"):可见，共耗时0s 
2021-04-02 14:37:41,678 - root - INFO - 登录页面_登录功能,查找页面元素:('xpath', "//*[@id='app']/div[2]/div/div[1]/div[2]/div[2]/input")
2021-04-02 14:37:41,709 - root - INFO - 登录页面_登录功能,等待页面元素:('xpath', "//*[@id='app']/div[2]/div/div[1]/div[2]/div[2]/input"):可见，共耗时0s 
2021-04-02 14:37:41,883 - root - INFO - 登录页面_登录功能,页面元素:('xpath', "//*[@id='app']/div[2]/div/div[1]/div[3]/div/input") 输入值 123456
2021-04-02 14:37:41,911 - root - INFO - 登录页面_登录功能,等待页面元素:('xpath', "//*[@id='app']/div[2]/div/div[1]/div[3]/div/input"):可见，共耗时0s 
2021-04-02 14:37:41,912 - root - INFO - 登录页面_登录功能,查找页面元素:('xpath', "//*[@id='app']/div[2]/div/div[1]/div[3]/div/input")
2021-04-02 14:37:41,933 - root - INFO - 登录页面_登录功能,等待页面元素:('xpath', "//*[@id='app']/div[2]/div/div[1]/div[3]/div/input"):可见，共耗时0s 
2021-04-02 14:37:42,048 - root - INFO - 登录页面_登录功能,点击页面元素:('xpath', '//*[@id="app"]/div[2]/div/div[1]/div[5]/button')
2021-04-02 14:37:42,049 - root - INFO - 登录页面_登录功能,查找页面元素:('xpath', '//*[@id="app"]/div[2]/div/div[1]/div[5]/button')
2021-04-02 14:37:42,074 - root - INFO - 登录页面_登录功能,等待页面元素:('xpath', '//*[@id="app"]/div[2]/div/div[1]/div[5]/button'):可见，共耗时0s 
2021-04-02 14:37:42,124 - root - INFO - 期望值：True
2021-04-02 14:38:02,256 - root - INFO - 实际值：False
2021-04-02 14:38:22,716 - root - ERROR -  结束执行 test_login_success 测试用例， 测试结果 --- False 
2021-04-02 14:38:23,592 - root - INFO - 登录功能-正常测试-异常截图截图成功，图片路径为: 登录功能-正常测试-异常截图
2021-04-02 14:38:27,505 - root - INFO - ==========结束执行测试用例集===========
2021-04-02 14:38:29,726 - root - INFO - ==========结束 XX项目 测试===========
